#
# A fatal error has been detected by the Java Runtime Environment:
#
#  EXCEPTION_ACCESS_VIOLATION (0xc0000005) at pc=0x00007ffae364b120, pid=13884, tid=13236
#
# JRE version: OpenJDK Runtime Environment (17.0.2+8) (build 17.0.2+8-86)
# Java VM: OpenJDK 64-Bit Server VM (17.0.2+8-86, mixed mode, emulated-client, sharing, tiered, compressed oops, compressed class ptrs, g1 gc, windows-amd64)
# Problematic frame:
# V  [jvm.dll+0x23b120]
#
# No core dump will be written. Minidumps are not enabled by default on client versions of Windows
#
# If you would like to submit a bug report, please visit:
#   https://bugreport.java.com/bugreport/crash.jsp
#

---------------  S U M M A R Y ------------

Command Line: -agentlib:jdwp=transport=dt_socket,address=127.0.0.1:65400,suspend=y,server=n -XX:TieredStopAtLevel=1 -Xverify:none -Dspring.output.ansi.enabled=always -Dcom.sun.management.jmxremote -Dspring.jmx.enabled=true -Dspring.liveBeansView.mbeanDomain -Dspring.application.admin.enabled=true -javaagent:C:\Users\supri\workspace\EA\plugins\java\lib\rt\debugger-agent.jar -Dfile.encoding=UTF-8 com.swa.productservice.ProductServiceApplication

Host: 11th Gen Intel(R) Core(TM) i7-1195G7 @ 2.90GHz, 8 cores, 11G,  Windows 11 , 64 bit Build 22000 (10.0.22000.708)
Time: Wed Sep 21 15:45:46 2022 Central Daylight Time elapsed time: 28156.057838 seconds (0d 7h 49m 16s)

---------------  T H R E A D  ---------------

Current thread (0x00000214d55301b0):  JavaThread "DiscoveryClient-InstanceInfoReplicator-0" daemon [_thread_in_vm, id=13236, stack(0x0000002763c00000,0x0000002763d00000)]

Stack: [0x0000002763c00000,0x0000002763d00000],  sp=0x0000002763cf8ef0,  free space=995k
Native frames: (J=compiled Java code, j=interpreted, Vv=VM code, C=native code)
V  [jvm.dll+0x23b120]
V  [jvm.dll+0x5594be]
V  [jvm.dll+0x122acc]
V  [jvm.dll+0x6d666c]
V  [jvm.dll+0x6d9a4e]
V  [jvm.dll+0x6d950b]
V  [jvm.dll+0x6d9ed2]
C  0x00000214c75adc07

Java frames: (J=compiled Java code, j=interpreted, Vv=VM code)
v  ~RuntimeStub::resolve_virtual_call
J 9100 c1 sun.security.ssl.TrustStoreManager$TrustAnchorManager.getTrustedCerts(Lsun/security/ssl/TrustStoreManager$TrustStoreDescriptor;)Ljava/util/Set; java.base@17.0.2 (283 bytes) @ 0x00000214c8617164 [0x00000214c8617040+0x0000000000000124]
J 8668 c1 sun.security.ssl.TrustManagerFactoryImpl.engineInit(Ljava/security/KeyStore;)V java.base@17.0.2 (166 bytes) @ 0x00000214c84a9774 [0x00000214c84a96a0+0x00000000000000d4]
J 8697 c1 sun.security.ssl.SSLContextImpl.engineInit([Ljavax/net/ssl/KeyManager;[Ljavax/net/ssl/TrustManager;Ljava/security/SecureRandom;)V java.base@17.0.2 (138 bytes) @ 0x00000214c849cbc4 [0x00000214c849ca60+0x0000000000000164]
J 8695 c1 org.apache.http.ssl.SSLContexts.createDefault()Ljavax/net/ssl/SSLContext; (43 bytes) @ 0x00000214c849de04 [0x00000214c849dda0+0x0000000000000064]
J 8003 c1 org.apache.http.impl.client.HttpClientBuilder.build()Lorg/apache/http/impl/client/CloseableHttpClient; (1749 bytes) @ 0x00000214c84fa54c [0x00000214c84f9bc0+0x000000000000098c]
J 9027 c1 org.springframework.cloud.netflix.eureka.http.DefaultEurekaClientHttpRequestFactorySupplier.get(Ljavax/net/ssl/SSLContext;Ljavax/net/ssl/HostnameVerifier;)Lorg/springframework/http/client/ClientHttpRequestFactory; (49 bytes) @ 0x00000214c864c33c [0x00000214c864c200+0x000000000000013c]
J 9026 c1 org.springframework.cloud.netflix.eureka.http.RestTemplateTransportClientFactory.restTemplate()Lorg/springframework/web/client/RestTemplate; (41 bytes) @ 0x00000214c864bacc [0x00000214c864b980+0x000000000000014c]
J 9025 c1 org.springframework.cloud.netflix.eureka.http.RestTemplateTransportClientFactory.restTemplate(Ljava/lang/String;)Lorg/springframework/web/client/RestTemplate; (96 bytes) @ 0x00000214c864aa8c [0x00000214c864aa40+0x000000000000004c]
J 8980 c1 org.springframework.cloud.netflix.eureka.http.RestTemplateTransportClientFactory.newClient(Lcom/netflix/discovery/shared/resolver/EurekaEndpoint;)Lcom/netflix/discovery/shared/transport/EurekaHttpClient; (24 bytes) @ 0x00000214c866869c [0x00000214c86685c0+0x00000000000000dc]
J 8979 c1 com.netflix.discovery.shared.transport.decorator.RedirectingEurekaHttpClient.execute(Lcom/netflix/discovery/shared/transport/decorator/EurekaHttpClientDecorator$RequestExecutor;)Lcom/netflix/discovery/shared/transport/EurekaHttpResponse; (178 bytes) @ 0x00000214c8668e6c [0x00000214c8668d40+0x000000000000012c]
J 8582 c1 com.netflix.discovery.shared.transport.decorator.EurekaHttpClientDecorator.register(Lcom/netflix/appinfo/InstanceInfo;)Lcom/netflix/discovery/shared/transport/EurekaHttpResponse; (14 bytes) @ 0x00000214c84cf63c [0x00000214c84cf540+0x00000000000000fc]
J 8584 c1 com.netflix.discovery.shared.transport.decorator.EurekaHttpClientDecorator$1.execute(Lcom/netflix/discovery/shared/transport/EurekaHttpClient;)Lcom/netflix/discovery/shared/transport/EurekaHttpResponse; (11 bytes) @ 0x00000214c84ceefc [0x00000214c84ceea0+0x000000000000005c]
J 8610 c1 com.netflix.discovery.shared.transport.decorator.RetryableEurekaHttpClient.execute(Lcom/netflix/discovery/shared/transport/decorator/EurekaHttpClientDecorator$RequestExecutor;)Lcom/netflix/discovery/shared/transport/EurekaHttpResponse; (259 bytes) @ 0x00000214c84c2f6c [0x00000214c84c2ce0+0x000000000000028c]
J 8582 c1 com.netflix.discovery.shared.transport.decorator.EurekaHttpClientDecorator.register(Lcom/netflix/appinfo/InstanceInfo;)Lcom/netflix/discovery/shared/transport/EurekaHttpResponse; (14 bytes) @ 0x00000214c84cf63c [0x00000214c84cf540+0x00000000000000fc]
J 8584 c1 com.netflix.discovery.shared.transport.decorator.EurekaHttpClientDecorator$1.execute(Lcom/netflix/discovery/shared/transport/EurekaHttpClient;)Lcom/netflix/discovery/shared/transport/EurekaHttpResponse; (11 bytes) @ 0x00000214c84ceefc [0x00000214c84ceea0+0x000000000000005c]
J 8609 c1 com.netflix.discovery.shared.transport.decorator.SessionedEurekaHttpClient.execute(Lcom/netflix/discovery/shared/transport/decorator/EurekaHttpClientDecorator$RequestExecutor;)Lcom/netflix/discovery/shared/transport/EurekaHttpResponse; (107 bytes) @ 0x00000214c84c10b4 [0x00000214c84c0b20+0x0000000000000594]
J 8582 c1 com.netflix.discovery.shared.transport.decorator.EurekaHttpClientDecorator.register(Lcom/netflix/appinfo/InstanceInfo;)Lcom/netflix/discovery/shared/transport/EurekaHttpResponse; (14 bytes) @ 0x00000214c84cf63c [0x00000214c84cf540+0x00000000000000fc]
J 9510 c1 com.netflix.discovery.DiscoveryClient.register()Z (123 bytes) @ 0x00000214c874d454 [0x00000214c874d380+0x00000000000000d4]
J 9404 c1 com.netflix.discovery.InstanceInfoReplicator.run()V (141 bytes) @ 0x00000214c8781adc [0x00000214c87819c0+0x000000000000011c]
J 6731 c1 java.util.concurrent.Executors$RunnableAdapter.call()Ljava/lang/Object; java.base@17.0.2 (14 bytes) @ 0x00000214c82ea6ec [0x00000214c82ea6a0+0x000000000000004c]
J 7867 c1 java.util.concurrent.FutureTask.run$$$capture()V java.base@17.0.2 (123 bytes) @ 0x00000214c853f39c [0x00000214c853f200+0x000000000000019c]
J 6794 c1 java.util.concurrent.ScheduledThreadPoolExecutor$ScheduledFutureTask.run()V java.base@17.0.2 (57 bytes) @ 0x00000214c82d0b6c [0x00000214c82d0a40+0x000000000000012c]
j  java.util.concurrent.ThreadPoolExecutor.runWorker(Ljava/util/concurrent/ThreadPoolExecutor$Worker;)V+92 java.base@17.0.2
j  java.util.concurrent.ThreadPoolExecutor$Worker.run()V+5 java.base@17.0.2
j  java.lang.Thread.run()V+11 java.base@17.0.2
v  ~StubRoutines::call_stub

siginfo: EXCEPTION_ACCESS_VIOLATION (0xc0000005), reading address 0x0000000000000010


Register to memory mapping:

RIP=0x00007ffae364b120 jvm.dll
RAX=0x0000000800ac33ca is pointing into metadata
RBX=0x0 is NULL
RCX=0x0 is NULL
RDX=0x0 is NULL
RSP=0x0000002763cf8ef0 is pointing into the stack for thread: 0x00000214d55301b0
RBP=0x0000002763cf8f99 is pointing into the stack for thread: 0x00000214d55301b0
RSI=0x00000214d55301b0 is a thread
RDI=0x0 is NULL
R8 =0x00000214d55301b0 is a thread
R9 =0x00000214d55301b0 is a thread
R10=0x00000214c7560000 points into unknown readable memory: 0x0000000000000006 | 06 00 00 00 00 00 00 00
R11=0x0000000000000001 is an unknown value
R12=0x0 is NULL
R13=0x0 is NULL
R14=0x0000002763cf9020 is pointing into the stack for thread: 0x00000214d55301b0
R15=0x0000002763cfa444 is pointing into the stack for thread: 0x00000214d55301b0


Registers:
RAX=0x0000000800ac33ca, RBX=0x0000000000000000, RCX=0x0000000000000000, RDX=0x0000000000000000
RSP=0x0000002763cf8ef0, RBP=0x0000002763cf8f99, RSI=0x00000214d55301b0, RDI=0x0000000000000000
R8 =0x00000214d55301b0, R9 =0x00000214d55301b0, R10=0x00000214c7560000, R11=0x0000000000000001
R12=0x0000000000000000, R13=0x0000000000000000, R14=0x0000002763cf9020, R15=0x0000002763cfa444
RIP=0x00007ffae364b120, EFLAGS=0x0000000000010246

Top of Stack: (sp=0x0000002763cf8ef0)
0x0000002763cf8ef0:   00000214c8622be0 00000214c8625d48
0x0000002763cf8f00:   00000214c8622590 00007ffae3ae2cb8
0x0000002763cf8f10:   00000214c8622590 00000214d94ab230
0x0000002763cf8f20:   0000000000000000 00007ffae39694be
0x0000002763cf8f30:   00000214d55301b0 0000002763cf90a0
0x0000002763cf8f40:   00000214d55301b0 00007ffae3a6ebcc
0x0000002763cf8f50:   0000000000000008 0000000000001386
0x0000002763cf8f60:   00000214c861715f 00007ffae363b595
0x0000002763cf8f70:   0000000000000000 0000000000000000
0x0000002763cf8f80:   000000276300a490 0000000000000000
0x0000002763cf8f90:   0000000000000000 00007ffae36d649f
0x0000002763cf8fa0:   0000000000000000 0000002763cfa4a0
0x0000002763cf8fb0:   0000002763cf90b8 0000002763cf9120
0x0000002763cf8fc0:   0000002763cf90b8 00007ffae36d70a9
0x0000002763cf8fd0:   00000214c8616d90 0000002763cfa4a0
0x0000002763cf8fe0:   00000214d55301b0 0000002763cfa490 

Instructions: (pc=0x00007ffae364b120)
0x00007ffae364b020:   24 68 41 b9 07 00 00 00 48 8d 14 c5 00 00 00 00
0x00007ffae364b030:   49 8b 06 48 8b 48 28 48 89 5c 11 08 49 8b 06 48
0x00007ffae364b040:   8b 48 08 b0 64 f0 46 0f b0 4c 21 04 3c 67 75 32
0x00007ffae364b050:   49 8b 06 4c 8b c6 48 8b 48 28 48 c7 44 11 08 00
0x00007ffae364b060:   00 00 00 41 8b d4 49 8b ce e8 52 20 00 00 48 83
0x00007ffae364b070:   7e 08 00 74 0d 33 c0 48 83 c4 38 41 5e 41 5c 5e
0x00007ffae364b080:   5b c3 48 8b c3 48 83 c4 38 41 5e 41 5c 5e 5b c3
0x00007ffae364b090:   48 8b 41 28 4c 63 ca 42 0f b7 54 c9 48 4c 89 44
0x00007ffae364b0a0:   d0 08 48 8b 41 08 42 c6 44 08 04 07 c3 cc cc cc
0x00007ffae364b0b0:   48 63 c2 0f b7 44 c1 4a 48 8b 44 c1 48 c3 cc cc
0x00007ffae364b0c0:   49 63 c0 44 0f b7 44 c1 4a 48 8b 42 18 4a 39 44
0x00007ffae364b0d0:   c1 48 0f 94 c0 c3 cc cc cc cc cc cc cc cc cc cc
0x00007ffae364b0e0:   48 89 5c 24 10 48 89 74 24 18 57 48 83 ec 30 48
0x00007ffae364b0f0:   63 da 49 8b f0 48 8b f9 85 d2 79 24 4c 8d 0d 55
0x00007ffae364b100:   4a 6a 00 ba b4 02 00 00 4c 8d 05 81 4a 6a 00 48
0x00007ffae364b110:   8d 0d ea 49 6a 00 e8 95 79 00 00 e8 00 56 43 00
0x00007ffae364b120:   48 8b 4f 10 48 85 c9 74 0f 48 8d 43 01 48 c1 e0
0x00007ffae364b130:   05 48 8b 04 08 0f b7 d8 48 63 c3 48 8d 54 24 40
0x00007ffae364b140:   48 89 7c 24 20 48 89 74 24 28 48 8b 8e 40 02 00
0x00007ffae364b150:   00 8b 5c c7 48 48 89 7c 24 40 e8 a1 f8 dc ff 0f
0x00007ffae364b160:   b7 d3 48 8d 4c 24 20 4c 8b c6 e8 f1 fb ff ff 48
0x00007ffae364b170:   8d 4c 24 20 48 8b d8 e8 04 c1 10 00 48 8b 74 24
0x00007ffae364b180:   50 48 8b c3 48 8b 5c 24 48 48 83 c4 30 5f c3 cc
0x00007ffae364b190:   48 89 5c 24 08 57 48 83 ec 20 48 63 fa 48 8b d9
0x00007ffae364b1a0:   85 d2 79 24 4c 8d 0d ad 49 6a 00 ba b4 02 00 00
0x00007ffae364b1b0:   4c 8d 05 d9 49 6a 00 48 8d 0d 42 49 6a 00 e8 ed
0x00007ffae364b1c0:   78 00 00 e8 58 55 43 00 48 8b 4b 10 48 85 c9 74
0x00007ffae364b1d0:   0f 48 8d 47 01 48 c1 e0 05 48 8b 04 08 0f b7 f8
0x00007ffae364b1e0:   48 63 c7 0f b7 4c c3 48 0f b7 44 cb 4a 48 8b 44
0x00007ffae364b1f0:   c3 48 48 8b 5c 24 30 48 83 c4 20 5f c3 cc cc cc
0x00007ffae364b200:   4c 8b 41 20 4d 8b 00 e9 64 02 00 00 cc cc cc cc
0x00007ffae364b210:   48 8b 49 20 48 8b 09 e9 44 5a 00 00 cc cc cc cc 


Stack slot to memory mapping:
stack at sp + 0 slots: 0x00000214c8622be0 is at entry_point+0 in (nmethod*)0x00000214c8622590
stack at sp + 1 slots: 0x00000214c8625d48 is at entry_point+12648 in (nmethod*)0x00000214c8622590
stack at sp + 2 slots: 0x00000214c8622590 is at entry_point+-1616 in (nmethod*)0x00000214c8622590
stack at sp + 3 slots: 0x00007ffae3ae2cb8 jvm.dll
stack at sp + 4 slots: 0x00000214c8622590 is at entry_point+-1616 in (nmethod*)0x00000214c8622590
stack at sp + 5 slots: 0x00000214d94ab230 points into unknown readable memory: 0x00000214d7c3ea90 | 90 ea c3 d7 14 02 00 00
stack at sp + 6 slots: 0x0 is NULL
stack at sp + 7 slots: 0x00007ffae39694be jvm.dll


---------------  P R O C E S S  ---------------

Threads class SMR info:
_java_thread_list=0x00000214d88806f0, length=41, elements={
0x00000214d408ad00, 0x00000214d408b6b0, 0x00000214d409b310, 0x00000214d409bcc0,
0x00000214d409c670, 0x00000214d409e030, 0x00000214d40a1eb0, 0x00000214d40a73c0,
0x00000214d4074670, 0x00000214d4cf9fd0, 0x00000214d4d16d70, 0x00000214d4d19270,
0x00000214d4d1f220, 0x00000214d545a0a0, 0x00000214d5d4d030, 0x00000214d6a51990,
0x00000214d6493d40, 0x00000214d6495080, 0x00000214d6492ed0, 0x00000214d64933a0,
0x00000214d6494210, 0x00000214d6492a00, 0x00000214d552f810, 0x00000214d552db30,
0x00000214d55301b0, 0x00000214d552e9a0, 0x00000214d552f340, 0x00000214d5532360,
0x00000214d552ee70, 0x00000214d552c320, 0x00000214d552c7f0, 0x00000214d55319c0,
0x00000214d552fce0, 0x00000214d5532830, 0x00000214d5530680, 0x00000214d55314f0,
0x00000214d5531e90, 0x00000214d5532d00, 0x00000214d552ccc0, 0x00000214d5530b50,
0x00000214d552b4b0
}

Java Threads: ( => current thread )
  0x00000214d408ad00 JavaThread "Reference Handler" daemon [_thread_blocked, id=20308, stack(0x0000002761500000,0x0000002761600000)]
  0x00000214d408b6b0 JavaThread "Finalizer" daemon [_thread_blocked, id=9512, stack(0x0000002761600000,0x0000002761700000)]
  0x00000214d409b310 JavaThread "Signal Dispatcher" daemon [_thread_blocked, id=11852, stack(0x0000002761700000,0x0000002761800000)]
  0x00000214d409bcc0 JavaThread "Attach Listener" daemon [_thread_blocked, id=24644, stack(0x0000002761800000,0x0000002761900000)]
  0x00000214d409c670 JavaThread "Service Thread" daemon [_thread_blocked, id=8424, stack(0x0000002761900000,0x0000002761a00000)]
  0x00000214d409e030 JavaThread "Monitor Deflation Thread" daemon [_thread_blocked, id=18288, stack(0x0000002761a00000,0x0000002761b00000)]
  0x00000214d40a1eb0 JavaThread "C1 CompilerThread0" daemon [_thread_blocked, id=18392, stack(0x0000002761b00000,0x0000002761c00000)]
  0x00000214d40a73c0 JavaThread "Sweeper thread" daemon [_thread_blocked, id=22044, stack(0x0000002761c00000,0x0000002761d00000)]
  0x00000214d4074670 JavaThread "Common-Cleaner" daemon [_thread_blocked, id=2600, stack(0x0000002761d00000,0x0000002761e00000)]
  0x00000214d4cf9fd0 JavaThread "JDWP Transport Listener: dt_socket" daemon [_thread_blocked, id=19228, stack(0x0000002762100000,0x0000002762200000)]
  0x00000214d4d16d70 JavaThread "JDWP Event Helper Thread" daemon [_thread_blocked, id=17440, stack(0x0000002762200000,0x0000002762300000)]
  0x00000214d4d19270 JavaThread "JDWP Command Reader" daemon [_thread_in_native, id=8136, stack(0x0000002762300000,0x0000002762400000)]
  0x00000214d4d1f220 JavaThread "Notification Thread" daemon [_thread_blocked, id=17500, stack(0x0000002762400000,0x0000002762500000)]
  0x00000214d545a0a0 JavaThread "RMI TCP Accept-0" daemon [_thread_in_native, id=13844, stack(0x0000002762500000,0x0000002762600000)]
  0x00000214d5d4d030 JavaThread "RMI Scheduler(0)" daemon [_thread_blocked, id=2856, stack(0x0000002763000000,0x0000002763100000)]
  0x00000214d6a51990 JavaThread "mysql-cj-abandoned-connection-cleanup" daemon [_thread_blocked, id=23520, stack(0x0000002763100000,0x0000002763200000)]
  0x00000214d6493d40 JavaThread "Catalina-utility-1" [_thread_blocked, id=13556, stack(0x0000002763200000,0x0000002763300000)]
  0x00000214d6495080 JavaThread "Catalina-utility-2" [_thread_blocked, id=9284, stack(0x0000002763300000,0x0000002763400000)]
  0x00000214d6492ed0 JavaThread "container-0" [_thread_blocked, id=24692, stack(0x0000002763400000,0x0000002763500000)]
  0x00000214d64933a0 JavaThread "HikariPool-1 housekeeper" daemon [_thread_blocked, id=20124, stack(0x0000002763600000,0x0000002763700000)]
  0x00000214d6494210 JavaThread "spring.cloud.inetutils" daemon [_thread_blocked, id=22280, stack(0x0000002763800000,0x0000002763900000)]
  0x00000214d6492a00 JavaThread "AsyncResolver-bootstrap-0" daemon [_thread_blocked, id=11816, stack(0x0000002763900000,0x0000002763a00000)]
  0x00000214d552f810 JavaThread "DiscoveryClient-0" daemon [_thread_blocked, id=21112, stack(0x0000002763a00000,0x0000002763b00000)]
  0x00000214d552db30 JavaThread "DiscoveryClient-1" daemon [_thread_blocked, id=25504, stack(0x0000002763b00000,0x0000002763c00000)]
=>0x00000214d55301b0 JavaThread "DiscoveryClient-InstanceInfoReplicator-0" daemon [_thread_in_vm, id=13236, stack(0x0000002763c00000,0x0000002763d00000)]
  0x00000214d552e9a0 JavaThread "http-nio-8081-exec-1" daemon [_thread_blocked, id=21836, stack(0x0000002763d00000,0x0000002763e00000)]
  0x00000214d552f340 JavaThread "http-nio-8081-exec-2" daemon [_thread_blocked, id=23968, stack(0x0000002763e00000,0x0000002763f00000)]
  0x00000214d5532360 JavaThread "http-nio-8081-exec-3" daemon [_thread_blocked, id=8756, stack(0x0000002763f00000,0x0000002764000000)]
  0x00000214d552ee70 JavaThread "http-nio-8081-exec-4" daemon [_thread_blocked, id=3976, stack(0x0000002764000000,0x0000002764100000)]
  0x00000214d552c320 JavaThread "http-nio-8081-exec-5" daemon [_thread_blocked, id=9224, stack(0x0000002764100000,0x0000002764200000)]
  0x00000214d552c7f0 JavaThread "http-nio-8081-exec-6" daemon [_thread_blocked, id=19076, stack(0x0000002764200000,0x0000002764300000)]
  0x00000214d55319c0 JavaThread "http-nio-8081-exec-7" daemon [_thread_blocked, id=11440, stack(0x0000002764300000,0x0000002764400000)]
  0x00000214d552fce0 JavaThread "http-nio-8081-exec-8" daemon [_thread_blocked, id=17444, stack(0x0000002764400000,0x0000002764500000)]
  0x00000214d5532830 JavaThread "http-nio-8081-exec-9" daemon [_thread_blocked, id=24140, stack(0x0000002764500000,0x0000002764600000)]
  0x00000214d5530680 JavaThread "http-nio-8081-exec-10" daemon [_thread_blocked, id=9420, stack(0x0000002764600000,0x0000002764700000)]
  0x00000214d55314f0 JavaThread "http-nio-8081-Poller" daemon [_thread_in_native, id=5680, stack(0x0000002764700000,0x0000002764800000)]
  0x00000214d5531e90 JavaThread "http-nio-8081-Acceptor" daemon [_thread_in_native, id=24548, stack(0x0000002764800000,0x0000002764900000)]
  0x00000214d5532d00 JavaThread "DestroyJavaVM" [_thread_blocked, id=10156, stack(0x0000002760e00000,0x0000002760f00000)]
  0x00000214d552ccc0 JavaThread "DiscoveryClient-HeartbeatExecutor-0" daemon [_thread_blocked, id=22800, stack(0x0000002762000000,0x0000002762100000)]
  0x00000214d5530b50 JavaThread "DiscoveryClient-CacheRefreshExecutor-0" daemon [_thread_blocked, id=23864, stack(0x0000002763700000,0x0000002763800000)]
  0x00000214d552b4b0 JavaThread "AsyncResolver-bootstrap-executor-0" daemon [_thread_blocked, id=9112, stack(0x0000002760d00000,0x0000002760e00000)]

Other Threads:
  0x00000214d4087370 VMThread "VM Thread" [stack: 0x0000002761400000,0x0000002761500000] [id=22932]
  0x00000214bfd28770 WatcherThread [stack: 0x0000002762600000,0x0000002762700000] [id=22756]
  0x00000214bfd6add0 GCTaskThread "GC Thread#0" [stack: 0x0000002760f00000,0x0000002761000000] [id=20580]
  0x00000214d55b77d0 GCTaskThread "GC Thread#1" [stack: 0x0000002762700000,0x0000002762800000] [id=23648]
  0x00000214d55b7a80 GCTaskThread "GC Thread#2" [stack: 0x0000002762800000,0x0000002762900000] [id=2964]
  0x00000214d55b7d30 GCTaskThread "GC Thread#3" [stack: 0x0000002762900000,0x0000002762a00000] [id=22968]
  0x00000214d55dd5f0 GCTaskThread "GC Thread#4" [stack: 0x0000002762a00000,0x0000002762b00000] [id=21824]
  0x00000214d55e18b0 GCTaskThread "GC Thread#5" [stack: 0x0000002762b00000,0x0000002762c00000] [id=1708]
  0x00000214d55e3b70 GCTaskThread "GC Thread#6" [stack: 0x0000002762c00000,0x0000002762d00000] [id=3068]
  0x00000214d55ebe30 GCTaskThread "GC Thread#7" [stack: 0x0000002762d00000,0x0000002762e00000] [id=21244]
  0x00000214bfd77910 ConcurrentGCThread "G1 Main Marker" [stack: 0x0000002761000000,0x0000002761100000] [id=2192]
  0x00000214bfd79330 ConcurrentGCThread "G1 Conc#0" [stack: 0x0000002761100000,0x0000002761200000] [id=5040]
  0x00000214d64d16e0 ConcurrentGCThread "G1 Conc#1" [stack: 0x0000002762f00000,0x0000002763000000] [id=8020]
  0x00000214bfded410 ConcurrentGCThread "G1 Refine#0" [stack: 0x0000002761200000,0x0000002761300000] [id=17604]
  0x00000214bfdedbd0 ConcurrentGCThread "G1 Service" [stack: 0x0000002761300000,0x0000002761400000] [id=20764]

Threads with active compile tasks:

VM state: not at safepoint (normal execution)

VM Mutex/Monitor currently owned by a thread: None

Heap address: 0x0000000744000000, size: 3008 MB, Compressed Oops mode: Zero based, Oop shift amount: 3

CDS archive(s) mapped at: [0x0000000800000000-0x0000000800bc0000-0x0000000800bc0000), size 12320768, SharedBaseAddress: 0x0000000800000000, ArchiveRelocationMode: 0.
Compressed class space mapped at: 0x0000000800c00000-0x0000000840c00000, reserved size: 1073741824
Narrow klass base: 0x0000000800000000, Narrow klass shift: 0, Narrow klass range: 0x100000000

GC Precious Log:
 CPUs: 8 total, 8 available
 Memory: 12026M
 Large Page Support: Disabled
 NUMA Support: Disabled
 Compressed Oops: Enabled (Zero based)
 Heap Region Size: 2M
 Heap Min Capacity: 8M
 Heap Initial Capacity: 188M
 Heap Max Capacity: 3008M
 Pre-touch: Disabled
 Parallel Workers: 8
 Concurrent Workers: 2
 Concurrent Refinement Workers: 8
 Periodic GC: Disabled

Heap:
 garbage-first heap   total 122880K, used 64655K [0x0000000744000000, 0x0000000800000000)
  region size 2048K, 15 young (30720K), 1 survivors (2048K)
 Metaspace       used 60216K, committed 60928K, reserved 1105920K
  class space    used 8508K, committed 8768K, reserved 1048576K

Heap Regions: E=young(eden), S=young(survivor), O=old, HS=humongous(starts), HC=humongous(continues), CS=collection set, F=free, OA=open archive, CA=closed archive, TAMS=top-at-mark-start (previous, next)
|   0|0x0000000744000000, 0x0000000744200000, 0x0000000744200000|100%| O|  |TAMS 0x0000000744200000, 0x0000000744000000| Untracked 
|   1|0x0000000744200000, 0x0000000744400000, 0x0000000744400000|100%| O|  |TAMS 0x0000000744400000, 0x0000000744200000| Untracked 
|   2|0x0000000744400000, 0x0000000744600000, 0x0000000744600000|100%| O|  |TAMS 0x0000000744600000, 0x0000000744400000| Untracked 
|   3|0x0000000744600000, 0x0000000744600000, 0x0000000744800000|  0%| F|  |TAMS 0x0000000744600000, 0x0000000744600000| Untracked 
|   4|0x0000000744800000, 0x0000000744a00000, 0x0000000744a00000|100%| O|  |TAMS 0x0000000744a00000, 0x0000000744800000| Untracked 
|   5|0x0000000744a00000, 0x0000000744c00000, 0x0000000744c00000|100%| O|  |TAMS 0x0000000744c00000, 0x0000000744a00000| Untracked 
|   6|0x0000000744c00000, 0x0000000744e00000, 0x0000000744e00000|100%| O|  |TAMS 0x0000000744e00000, 0x0000000744c00000| Untracked 
|   7|0x0000000744e00000, 0x0000000745000000, 0x0000000745000000|100%| O|  |TAMS 0x0000000745000000, 0x0000000744e00000| Untracked 
|   8|0x0000000745000000, 0x0000000745200000, 0x0000000745200000|100%| O|  |TAMS 0x0000000745200000, 0x0000000745000000| Untracked 
|   9|0x0000000745200000, 0x0000000745200000, 0x0000000745400000|  0%| F|  |TAMS 0x0000000745200000, 0x0000000745200000| Untracked 
|  10|0x0000000745400000, 0x0000000745600000, 0x0000000745600000|100%| O|  |TAMS 0x0000000745600000, 0x0000000745400000| Untracked 
|  11|0x0000000745600000, 0x0000000745800000, 0x0000000745800000|100%| O|  |TAMS 0x0000000745800000, 0x0000000745600000| Untracked 
|  12|0x0000000745800000, 0x0000000745a00000, 0x0000000745a00000|100%| O|  |TAMS 0x0000000745a00000, 0x0000000745800000| Untracked 
|  13|0x0000000745a00000, 0x0000000745c00000, 0x0000000745c00000|100%| O|  |TAMS 0x0000000745c00000, 0x0000000745a00000| Untracked 
|  14|0x0000000745c00000, 0x0000000745e00000, 0x0000000745e00000|100%| O|  |TAMS 0x0000000745e00000, 0x0000000745c00000| Untracked 
|  15|0x0000000745e00000, 0x0000000746000000, 0x0000000746000000|100%| O|  |TAMS 0x0000000746000000, 0x0000000745e00000| Untracked 
|  16|0x0000000746000000, 0x0000000746200000, 0x0000000746200000|100%| O|  |TAMS 0x0000000746200000, 0x0000000746000000| Untracked 
|  17|0x0000000746200000, 0x0000000746400000, 0x0000000746400000|100%| O|  |TAMS 0x0000000746400000, 0x0000000746200000| Untracked 
|  18|0x0000000746400000, 0x0000000746600000, 0x0000000746600000|100%| O|  |TAMS 0x0000000746600000, 0x0000000746400000| Untracked 
|  19|0x0000000746600000, 0x00000007467bd200, 0x0000000746800000| 86%| O|  |TAMS 0x0000000746636c00, 0x0000000746600000| Untracked 
|  20|0x0000000746800000, 0x0000000746800000, 0x0000000746a00000|  0%| F|  |TAMS 0x0000000746800000, 0x0000000746800000| Untracked 
|  21|0x0000000746a00000, 0x0000000746a00000, 0x0000000746c00000|  0%| F|  |TAMS 0x0000000746a00000, 0x0000000746a00000| Untracked 
|  22|0x0000000746c00000, 0x0000000746c00000, 0x0000000746e00000|  0%| F|  |TAMS 0x0000000746c00000, 0x0000000746c00000| Untracked 
|  23|0x0000000746e00000, 0x0000000746e00000, 0x0000000747000000|  0%| F|  |TAMS 0x0000000746e00000, 0x0000000746e00000| Untracked 
|  24|0x0000000747000000, 0x0000000747000000, 0x0000000747200000|  0%| F|  |TAMS 0x0000000747000000, 0x0000000747000000| Untracked 
|  25|0x0000000747200000, 0x0000000747366c68, 0x0000000747400000| 70%| S|CS|TAMS 0x0000000747200000, 0x0000000747200000| Complete 
|  26|0x0000000747400000, 0x0000000747400000, 0x0000000747600000|  0%| F|  |TAMS 0x0000000747400000, 0x0000000747400000| Untracked 
|  27|0x0000000747600000, 0x0000000747600000, 0x0000000747800000|  0%| F|  |TAMS 0x0000000747600000, 0x0000000747600000| Untracked 
|  28|0x0000000747800000, 0x0000000747800000, 0x0000000747a00000|  0%| F|  |TAMS 0x0000000747800000, 0x0000000747800000| Untracked 
|  29|0x0000000747a00000, 0x0000000747a00000, 0x0000000747c00000|  0%| F|  |TAMS 0x0000000747a00000, 0x0000000747a00000| Untracked 
|  30|0x0000000747c00000, 0x0000000747c00000, 0x0000000747e00000|  0%| F|  |TAMS 0x0000000747c00000, 0x0000000747c00000| Untracked 
|  31|0x0000000747e00000, 0x0000000747e00000, 0x0000000748000000|  0%| F|  |TAMS 0x0000000747e00000, 0x0000000747e00000| Untracked 
|  32|0x0000000748000000, 0x0000000748000000, 0x0000000748200000|  0%| F|  |TAMS 0x0000000748000000, 0x0000000748000000| Untracked 
|  33|0x0000000748200000, 0x0000000748200000, 0x0000000748400000|  0%| F|  |TAMS 0x0000000748200000, 0x0000000748200000| Untracked 
|  34|0x0000000748400000, 0x0000000748400000, 0x0000000748600000|  0%| F|  |TAMS 0x0000000748400000, 0x0000000748400000| Untracked 
|  35|0x0000000748600000, 0x0000000748600000, 0x0000000748800000|  0%| F|  |TAMS 0x0000000748600000, 0x0000000748600000| Untracked 
|  36|0x0000000748800000, 0x0000000748800000, 0x0000000748a00000|  0%| F|  |TAMS 0x0000000748800000, 0x0000000748800000| Untracked 
|  37|0x0000000748a00000, 0x0000000748a00000, 0x0000000748c00000|  0%| F|  |TAMS 0x0000000748a00000, 0x0000000748a00000| Untracked 
|  38|0x0000000748c00000, 0x0000000748c00000, 0x0000000748e00000|  0%| F|  |TAMS 0x0000000748c00000, 0x0000000748c00000| Untracked 
|  39|0x0000000748e00000, 0x0000000748e00000, 0x0000000749000000|  0%| F|  |TAMS 0x0000000748e00000, 0x0000000748e00000| Untracked 
|  40|0x0000000749000000, 0x0000000749000000, 0x0000000749200000|  0%| F|  |TAMS 0x0000000749000000, 0x0000000749000000| Untracked 
|  41|0x0000000749200000, 0x0000000749200000, 0x0000000749400000|  0%| F|  |TAMS 0x0000000749200000, 0x0000000749200000| Untracked 
|  42|0x0000000749400000, 0x0000000749400000, 0x0000000749600000|  0%| F|  |TAMS 0x0000000749400000, 0x0000000749400000| Untracked 
|  43|0x0000000749600000, 0x0000000749600000, 0x0000000749800000|  0%| F|  |TAMS 0x0000000749600000, 0x0000000749600000| Untracked 
|  44|0x0000000749800000, 0x0000000749800000, 0x0000000749a00000|  0%| F|  |TAMS 0x0000000749800000, 0x0000000749800000| Untracked 
|  45|0x0000000749a00000, 0x0000000749a00000, 0x0000000749c00000|  0%| F|  |TAMS 0x0000000749a00000, 0x0000000749a00000| Untracked 
|  46|0x0000000749c00000, 0x0000000749c85be8, 0x0000000749e00000| 26%| E|  |TAMS 0x0000000749c00000, 0x0000000749c00000| Complete 
|  47|0x0000000749e00000, 0x000000074a000000, 0x000000074a000000|100%| E|CS|TAMS 0x0000000749e00000, 0x0000000749e00000| Complete 
|  48|0x000000074a000000, 0x000000074a200000, 0x000000074a200000|100%| E|CS|TAMS 0x000000074a000000, 0x000000074a000000| Complete 
|  49|0x000000074a200000, 0x000000074a400000, 0x000000074a400000|100%| E|CS|TAMS 0x000000074a200000, 0x000000074a200000| Complete 
|  50|0x000000074a400000, 0x000000074a600000, 0x000000074a600000|100%| E|CS|TAMS 0x000000074a400000, 0x000000074a400000| Complete 
|  51|0x000000074a600000, 0x000000074a800000, 0x000000074a800000|100%| E|CS|TAMS 0x000000074a600000, 0x000000074a600000| Complete 
|  52|0x000000074a800000, 0x000000074aa00000, 0x000000074aa00000|100%| E|CS|TAMS 0x000000074a800000, 0x000000074a800000| Complete 
|  53|0x000000074aa00000, 0x000000074ac00000, 0x000000074ac00000|100%| E|CS|TAMS 0x000000074aa00000, 0x000000074aa00000| Complete 
|  54|0x000000074ac00000, 0x000000074ae00000, 0x000000074ae00000|100%| E|CS|TAMS 0x000000074ac00000, 0x000000074ac00000| Complete 
|  55|0x000000074ae00000, 0x000000074b000000, 0x000000074b000000|100%| E|CS|TAMS 0x000000074ae00000, 0x000000074ae00000| Complete 
|  56|0x000000074b000000, 0x000000074b200000, 0x000000074b200000|100%| E|CS|TAMS 0x000000074b000000, 0x000000074b000000| Complete 
|  57|0x000000074b200000, 0x000000074b400000, 0x000000074b400000|100%| E|CS|TAMS 0x000000074b200000, 0x000000074b200000| Complete 
|  67|0x000000074c600000, 0x000000074c800000, 0x000000074c800000|100%| E|CS|TAMS 0x000000074c600000, 0x000000074c600000| Complete 
|  93|0x000000074fa00000, 0x000000074fc00000, 0x000000074fc00000|100%| E|CS|TAMS 0x000000074fa00000, 0x000000074fa00000| Complete 

Card table byte_map: [0x00000214cac50000,0x00000214cb230000] _byte_map_base: 0x00000214c7230000

Marking Bits (Prev, Next): (CMBitMap*) 0x00000214bfd6b3e0, (CMBitMap*) 0x00000214bfd6b420
 Prev Bits: [0x00000214cb810000, 0x00000214ce710000)
 Next Bits: [0x00000214ce710000, 0x00000214d1610000)

Polling page: 0x00000214bf4f0000

Metaspace:

Usage:
  Non-class:     50.50 MB used.
      Class:      8.31 MB used.
       Both:     58.81 MB used.

Virtual space:
  Non-class space:       56.00 MB reserved,      50.94 MB ( 91%) committed,  7 nodes.
      Class space:        1.00 GB reserved,       8.56 MB ( <1%) committed,  1 nodes.
             Both:        1.05 GB reserved,      59.50 MB (  6%) committed. 

Chunk freelists:
   Non-Class:  1.19 MB
       Class:  3.53 MB
        Both:  4.72 MB

MaxMetaspaceSize: unlimited
CompressedClassSpaceSize: 1.00 GB
Initial GC threshold: 21.00 MB
Current GC threshold: 99.06 MB
CDS: on
MetaspaceReclaimPolicy: balanced
 - commit_granule_bytes: 65536.
 - commit_granule_words: 8192.
 - virtual_space_node_default_size: 1048576.
 - enlarge_chunks_in_place: 1.
 - new_chunks_are_fully_committed: 0.
 - uncommit_free_chunks: 1.
 - use_allocation_guard: 0.
 - handle_deallocations: 1.


Internal statistics:

num_allocs_failed_limit: 12.
num_arena_births: 800.
num_arena_deaths: 156.
num_vsnodes_births: 8.
num_vsnodes_deaths: 0.
num_space_committed: 952.
num_space_uncommitted: 0.
num_chunks_returned_to_freelist: 205.
num_chunks_taken_from_freelist: 3094.
num_chunk_merges: 60.
num_chunk_splits: 2081.
num_chunks_enlarged: 1504.
num_purges: 2.
num_inconsistent_stats: 0.

CodeCache: size=49152Kb used=19293Kb max_used=20982Kb free=29858Kb
 bounds [0x00000214c7560000, 0x00000214c89f0000, 0x00000214ca560000]
 total_blobs=10472 nmethods=9849 adapters=550
 compilation: enabled
              stopped_count=0, restarted_count=0
 full_count=0

Compilation events (20 events):
Event: 27675.805 Thread 0x00000214d4e44680 nmethod 9816 0x00000214c87d0d90 code [0x00000214c87d0fe0, 0x00000214c87d17f8]
Event: 27675.805 Thread 0x00000214d4e44680 9844       1       com.fasterxml.jackson.core.io.IOContext::releaseWriteEncodingBuffer (28 bytes)
Event: 27675.805 Thread 0x00000214d4c6cfe0 9845       1       com.fasterxml.jackson.core.io.IOContext::_verifyRelease (18 bytes)
Event: 27675.805 Thread 0x00000214d4c6d4f0 9846       1       com.fasterxml.jackson.core.util.BufferRecycler::releaseByteBuffer (10 bytes)
Event: 27675.805 Thread 0x00000214d4c6cfe0 nmethod 9845 0x00000214c87d0910 code [0x00000214c87d0ac0, 0x00000214c87d0c68]
Event: 27675.805 Thread 0x00000214d4c6cfe0 9847       1       com.fasterxml.jackson.core.io.IOContext::releaseConcatBuffer (28 bytes)
Event: 27675.813 Thread 0x00000214d4e44680 nmethod 9844 0x00000214c87cf790 code [0x00000214c87cfa00, 0x00000214c87d01d8]
Event: 27675.813 Thread 0x00000214d4c6cfe0 nmethod 9847 0x00000214c87ce610 code [0x00000214c87ce880, 0x00000214c87cf058]
Event: 27675.813 Thread 0x00000214d4c6d4f0 nmethod 9846 0x00000214c87cd690 code [0x00000214c87cd8e0, 0x00000214c87cdfc8]
Event: 27675.813 Thread 0x00000214d4c6d4f0 9849       1       com.fasterxml.jackson.core.util.BufferRecycler::releaseCharBuffer (10 bytes)
Event: 27675.813 Thread 0x00000214d4e44680 9848       1       com.fasterxml.jackson.core.io.IOContext::_verifyRelease (18 bytes)
Event: 27675.813 Thread 0x00000214d4c6cfe0 9850       1       org.apache.http.ProtocolVersion::compareToVersion (61 bytes)
Event: 27675.814 Thread 0x00000214d40a1eb0 nmethod 9843 0x00000214c87cb490 code [0x00000214c87cb7e0, 0x00000214c87cc798]
Event: 27675.814 Thread 0x00000214d4c6d4f0 nmethod 9849 0x00000214c87ca510 code [0x00000214c87ca760, 0x00000214c87cae48]
Event: 27675.814 Thread 0x00000214d40a1eb0 9851       1       org.apache.http.util.Args::check (18 bytes)
Event: 27675.814 Thread 0x00000214d4e44680 nmethod 9848 0x00000214c87ca090 code [0x00000214c87ca240, 0x00000214c87ca3e8]
Event: 27675.814 Thread 0x00000214d40a1eb0 nmethod 9851 0x00000214c87c9790 code [0x00000214c87c99a0, 0x00000214c87c9df8]
Event: 27675.815 Thread 0x00000214d4c6cfe0 nmethod 9850 0x00000214c87c8790 code [0x00000214c87c8a00, 0x00000214c87c92f8]
Event: 27856.475 Thread 0x00000214d40a1eb0 9852       1       com.netflix.servo.monitor.MonitorConfig$Builder::withTag (11 bytes)
Event: 27856.476 Thread 0x00000214d40a1eb0 nmethod 9852 0x00000214c87c8410 code [0x00000214c87c85a0, 0x00000214c87c86a8]

GC Heap History (20 events):
Event: 17174.385 GC heap before
{Heap before GC invocations=37 (full 0):
 garbage-first heap   total 122880K, used 104189K [0x0000000744000000, 0x0000000800000000)
  region size 2048K, 34 young (69632K), 2 survivors (4096K)
 Metaspace       used 60216K, committed 60928K, reserved 1105920K
  class space    used 8508K, committed 8768K, reserved 1048576K
}
Event: 17174.392 GC heap after
{Heap after GC invocations=38 (full 0):
 garbage-first heap   total 122880K, used 37783K [0x0000000744000000, 0x0000000800000000)
  region size 2048K, 1 young (2048K), 1 survivors (2048K)
 Metaspace       used 60216K, committed 60928K, reserved 1105920K
  class space    used 8508K, committed 8768K, reserved 1048576K
}
Event: 22182.937 GC heap before
{Heap before GC invocations=38 (full 0):
 garbage-first heap   total 122880K, used 105367K [0x0000000744000000, 0x0000000800000000)
  region size 2048K, 34 young (69632K), 1 survivors (2048K)
 Metaspace       used 60216K, committed 60928K, reserved 1105920K
  class space    used 8508K, committed 8768K, reserved 1048576K
}
Event: 22182.940 GC heap after
{Heap after GC invocations=39 (full 0):
 garbage-first heap   total 122880K, used 38240K [0x0000000744000000, 0x0000000800000000)
  region size 2048K, 1 young (2048K), 1 survivors (2048K)
 Metaspace       used 60216K, committed 60928K, reserved 1105920K
  class space    used 8508K, committed 8768K, reserved 1048576K
}
Event: 22903.434 GC heap before
{Heap before GC invocations=39 (full 0):
 garbage-first heap   total 122880K, used 105824K [0x0000000744000000, 0x0000000800000000)
  region size 2048K, 34 young (69632K), 1 survivors (2048K)
 Metaspace       used 60216K, committed 60928K, reserved 1105920K
  class space    used 8508K, committed 8768K, reserved 1048576K
}
Event: 22903.440 GC heap after
{Heap after GC invocations=40 (full 0):
 garbage-first heap   total 122880K, used 38202K [0x0000000744000000, 0x0000000800000000)
  region size 2048K, 1 young (2048K), 1 survivors (2048K)
 Metaspace       used 60216K, committed 60928K, reserved 1105920K
  class space    used 8508K, committed 8768K, reserved 1048576K
}
Event: 23593.840 GC heap before
{Heap before GC invocations=40 (full 0):
 garbage-first heap   total 122880K, used 105786K [0x0000000744000000, 0x0000000800000000)
  region size 2048K, 34 young (69632K), 1 survivors (2048K)
 Metaspace       used 60216K, committed 60928K, reserved 1105920K
  class space    used 8508K, committed 8768K, reserved 1048576K
}
Event: 23593.845 GC heap after
{Heap after GC invocations=41 (full 0):
 garbage-first heap   total 122880K, used 38444K [0x0000000744000000, 0x0000000800000000)
  region size 2048K, 1 young (2048K), 1 survivors (2048K)
 Metaspace       used 60216K, committed 60928K, reserved 1105920K
  class space    used 8508K, committed 8768K, reserved 1048576K
}
Event: 24314.200 GC heap before
{Heap before GC invocations=41 (full 0):
 garbage-first heap   total 122880K, used 106028K [0x0000000744000000, 0x0000000800000000)
  region size 2048K, 34 young (69632K), 1 survivors (2048K)
 Metaspace       used 60216K, committed 60928K, reserved 1105920K
  class space    used 8508K, committed 8768K, reserved 1048576K
}
Event: 24314.202 GC heap after
{Heap after GC invocations=42 (full 0):
 garbage-first heap   total 122880K, used 38305K [0x0000000744000000, 0x0000000800000000)
  region size 2048K, 1 young (2048K), 1 survivors (2048K)
 Metaspace       used 60216K, committed 60928K, reserved 1105920K
  class space    used 8508K, committed 8768K, reserved 1048576K
}
Event: 25034.664 GC heap before
{Heap before GC invocations=42 (full 0):
 garbage-first heap   total 122880K, used 105889K [0x0000000744000000, 0x0000000800000000)
  region size 2048K, 34 young (69632K), 1 survivors (2048K)
 Metaspace       used 60216K, committed 60928K, reserved 1105920K
  class space    used 8508K, committed 8768K, reserved 1048576K
}
Event: 25034.669 GC heap after
{Heap after GC invocations=43 (full 0):
 garbage-first heap   total 122880K, used 38218K [0x0000000744000000, 0x0000000800000000)
  region size 2048K, 1 young (2048K), 1 survivors (2048K)
 Metaspace       used 60216K, committed 60928K, reserved 1105920K
  class space    used 8508K, committed 8768K, reserved 1048576K
}
Event: 25725.153 GC heap before
{Heap before GC invocations=43 (full 0):
 garbage-first heap   total 122880K, used 105802K [0x0000000744000000, 0x0000000800000000)
  region size 2048K, 34 young (69632K), 1 survivors (2048K)
 Metaspace       used 60216K, committed 60928K, reserved 1105920K
  class space    used 8508K, committed 8768K, reserved 1048576K
}
Event: 25725.157 GC heap after
{Heap after GC invocations=44 (full 0):
 garbage-first heap   total 122880K, used 38619K [0x0000000744000000, 0x0000000800000000)
  region size 2048K, 1 young (2048K), 1 survivors (2048K)
 Metaspace       used 60216K, committed 60928K, reserved 1105920K
  class space    used 8508K, committed 8768K, reserved 1048576K
}
Event: 26445.628 GC heap before
{Heap before GC invocations=44 (full 0):
 garbage-first heap   total 122880K, used 106203K [0x0000000744000000, 0x0000000800000000)
  region size 2048K, 34 young (69632K), 1 survivors (2048K)
 Metaspace       used 60216K, committed 60928K, reserved 1105920K
  class space    used 8508K, committed 8768K, reserved 1048576K
}
Event: 26445.630 GC heap after
{Heap after GC invocations=45 (full 0):
 garbage-first heap   total 122880K, used 38299K [0x0000000744000000, 0x0000000800000000)
  region size 2048K, 1 young (2048K), 1 survivors (2048K)
 Metaspace       used 60216K, committed 60928K, reserved 1105920K
  class space    used 8508K, committed 8768K, reserved 1048576K
}
Event: 27136.008 GC heap before
{Heap before GC invocations=45 (full 0):
 garbage-first heap   total 122880K, used 105883K [0x0000000744000000, 0x0000000800000000)
  region size 2048K, 34 young (69632K), 1 survivors (2048K)
 Metaspace       used 60216K, committed 60928K, reserved 1105920K
  class space    used 8508K, committed 8768K, reserved 1048576K
}
Event: 27136.012 GC heap after
{Heap after GC invocations=46 (full 0):
 garbage-first heap   total 122880K, used 38549K [0x0000000744000000, 0x0000000800000000)
  region size 2048K, 1 young (2048K), 1 survivors (2048K)
 Metaspace       used 60216K, committed 60928K, reserved 1105920K
  class space    used 8508K, committed 8768K, reserved 1048576K
}
Event: 27856.469 GC heap before
{Heap before GC invocations=46 (full 0):
 garbage-first heap   total 122880K, used 106133K [0x0000000744000000, 0x0000000800000000)
  region size 2048K, 34 young (69632K), 1 survivors (2048K)
 Metaspace       used 60216K, committed 60928K, reserved 1105920K
  class space    used 8508K, committed 8768K, reserved 1048576K
}
Event: 27856.472 GC heap after
{Heap after GC invocations=47 (full 0):
 garbage-first heap   total 122880K, used 38031K [0x0000000744000000, 0x0000000800000000)
  region size 2048K, 1 young (2048K), 1 survivors (2048K)
 Metaspace       used 60216K, committed 60928K, reserved 1105920K
  class space    used 8508K, committed 8768K, reserved 1048576K
}

Deoptimization events (20 events):
Event: 28126.651 Thread 0x00000214d5530b50 DEOPT PACKING pc=0x00000214c8668ec4 sp=0x00000027637fe0d0
Event: 28126.651 Thread 0x00000214d5530b50 DEOPT UNPACKING pc=0x00000214c75b6763 sp=0x00000027637fd710 mode 1
Event: 28126.652 Thread 0x00000214d5530b50 DEOPT PACKING pc=0x00000214c86731bc sp=0x00000027637fe2d0
Event: 28126.652 Thread 0x00000214d5530b50 DEOPT UNPACKING pc=0x00000214c75b6763 sp=0x00000027637fd7a8 mode 1
Event: 28126.652 Thread 0x00000214d5530b50 DEOPT PACKING pc=0x00000214c8672dfc sp=0x00000027637fe350
Event: 28126.652 Thread 0x00000214d5530b50 DEOPT UNPACKING pc=0x00000214c75b6763 sp=0x00000027637fd7f8 mode 1
Event: 28126.652 Thread 0x00000214d5530b50 DEOPT PACKING pc=0x00000214c84c2f6c sp=0x00000027637fe3a0
Event: 28126.652 Thread 0x00000214d5530b50 DEOPT UNPACKING pc=0x00000214c75b6763 sp=0x00000027637fd9a8 mode 1
Event: 28126.652 Thread 0x00000214d5530b50 DEOPT PACKING pc=0x00000214c86731bc sp=0x00000027637fe580
Event: 28126.652 Thread 0x00000214d5530b50 DEOPT UNPACKING pc=0x00000214c75b6763 sp=0x00000027637fda58 mode 1
Event: 28126.652 Thread 0x00000214d5530b50 DEOPT PACKING pc=0x00000214c8672dfc sp=0x00000027637fe600
Event: 28126.652 Thread 0x00000214d5530b50 DEOPT UNPACKING pc=0x00000214c75b6763 sp=0x00000027637fdaa8 mode 1
Event: 28126.652 Thread 0x00000214d5530b50 DEOPT PACKING pc=0x00000214c84c10b4 sp=0x00000027637fe650
Event: 28126.652 Thread 0x00000214d5530b50 DEOPT UNPACKING pc=0x00000214c75b6763 sp=0x00000027637fdc60 mode 1
Event: 28126.652 Thread 0x00000214d5530b50 DEOPT PACKING pc=0x00000214c86731bc sp=0x00000027637fe830
Event: 28126.652 Thread 0x00000214d5530b50 DEOPT UNPACKING pc=0x00000214c75b6763 sp=0x00000027637fdd08 mode 1
Event: 28126.652 Thread 0x00000214d5530b50 DEOPT PACKING pc=0x00000214c87763ac sp=0x00000027637fe8b0
Event: 28126.652 Thread 0x00000214d5530b50 DEOPT UNPACKING pc=0x00000214c75b6763 sp=0x00000027637fdde0 mode 1
Event: 28126.652 Thread 0x00000214d5530b50 DEOPT PACKING pc=0x00000214c8779a54 sp=0x00000027637fe9a0
Event: 28126.652 Thread 0x00000214d5530b50 DEOPT UNPACKING pc=0x00000214c75b6763 sp=0x00000027637fdfe8 mode 1

Classes unloaded (20 events):
Event: 546.557 Thread 0x00000214d4087370 Unloading class 0x0000000800d32000 'java/lang/invoke/LambdaForm$MH+0x0000000800d32000'
Event: 546.557 Thread 0x00000214d4087370 Unloading class 0x0000000800cc0800 'jdk/internal/reflect/GeneratedSerializationConstructorAccessor3'
Event: 546.557 Thread 0x00000214d4087370 Unloading class 0x0000000800cc0400 'jdk/internal/reflect/GeneratedSerializationConstructorAccessor2'
Event: 546.557 Thread 0x00000214d4087370 Unloading class 0x0000000800cc0000 'jdk/internal/reflect/GeneratedSerializationConstructorAccessor1'
Event: 546.557 Thread 0x00000214d4087370 Unloading class 0x0000000800c08800 'java/lang/invoke/LambdaForm$DMH+0x0000000800c08800'
Event: 546.557 Thread 0x00000214d4087370 Unloading class 0x0000000800c08000 'java/lang/invoke/LambdaForm$DMH+0x0000000800c08000'
Event: 546.557 Thread 0x00000214d4087370 Unloading class 0x0000000800c07400 'jdk/internal/reflect/GeneratedConstructorAccessor1'
Event: 546.557 Thread 0x00000214d4087370 Unloading class 0x0000000800c06c00 'java/lang/invoke/LambdaForm$MH+0x0000000800c06c00'
Event: 546.557 Thread 0x00000214d4087370 Unloading class 0x0000000800c06800 'java/lang/invoke/LambdaForm$MH+0x0000000800c06800'
Event: 546.557 Thread 0x00000214d4087370 Unloading class 0x0000000800c06400 'java/lang/invoke/LambdaForm$MH+0x0000000800c06400'
Event: 546.557 Thread 0x00000214d4087370 Unloading class 0x0000000800c06000 'java/lang/invoke/LambdaForm$MH+0x0000000800c06000'
Event: 546.557 Thread 0x00000214d4087370 Unloading class 0x0000000800c05c00 'java/lang/invoke/LambdaForm$MH+0x0000000800c05c00'
Event: 546.557 Thread 0x00000214d4087370 Unloading class 0x0000000800c05800 'java/lang/invoke/LambdaForm$MH+0x0000000800c05800'
Event: 546.557 Thread 0x00000214d4087370 Unloading class 0x0000000800c04800 'java/lang/invoke/LambdaForm$MH+0x0000000800c04800'
Event: 546.557 Thread 0x00000214d4087370 Unloading class 0x0000000800c04400 'java/lang/invoke/LambdaForm$MH+0x0000000800c04400'
Event: 546.557 Thread 0x00000214d4087370 Unloading class 0x0000000800c03c00 'java/lang/invoke/LambdaForm$MH+0x0000000800c03c00'
Event: 546.557 Thread 0x00000214d4087370 Unloading class 0x0000000800c03000 'java/lang/invoke/LambdaForm$MH+0x0000000800c03000'
Event: 546.557 Thread 0x00000214d4087370 Unloading class 0x0000000800c02800 'java/lang/invoke/LambdaForm$MH+0x0000000800c02800'
Event: 546.557 Thread 0x00000214d4087370 Unloading class 0x0000000800c02000 'java/lang/invoke/LambdaForm$MH+0x0000000800c02000'
Event: 546.557 Thread 0x00000214d4087370 Unloading class 0x0000000800c01800 'java/lang/invoke/LambdaForm$MH+0x0000000800c01800'

Classes redefined (0 events):
No events

Internal exceptions (20 events):
Event: 28096.566 Thread 0x00000214d552ccc0 Exception <a 'java/net/ConnectException'{0x000000074a070808}: Connection refused: connect> (0x000000074a070808) 
thrown [t:\workspace\open\src\hotspot\share\prims\jni.cpp, line 535]
Event: 28096.566 Thread 0x00000214d552ccc0 Exception <a 'java/net/SocketException'{0x000000074a070de8}: Socket is not connected: shutdown> (0x000000074a070de8) 
thrown [t:\workspace\open\src\hotspot\share\prims\jni.cpp, line 535]
Event: 28096.567 Thread 0x00000214d552ccc0 Exception <a 'java/net/ConnectException'{0x000000074a075920}: Connection refused: connect> (0x000000074a075920) 
thrown [t:\workspace\open\src\hotspot\share\prims\jni.cpp, line 535]
Event: 28096.567 Thread 0x00000214d552ccc0 Exception <a 'java/net/SocketException'{0x000000074a075f00}: Socket is not connected: shutdown> (0x000000074a075f00) 
thrown [t:\workspace\open\src\hotspot\share\prims\jni.cpp, line 535]
Event: 28096.627 Thread 0x00000214d5530b50 Exception <a 'java/net/ConnectException'{0x000000074a156e20}: Connection refused: connect> (0x000000074a156e20) 
thrown [t:\workspace\open\src\hotspot\share\prims\jni.cpp, line 535]
Event: 28096.627 Thread 0x00000214d5530b50 Exception <a 'java/net/SocketException'{0x000000074a157400}: Socket is not connected: shutdown> (0x000000074a157400) 
thrown [t:\workspace\open\src\hotspot\share\prims\jni.cpp, line 535]
Event: 28096.628 Thread 0x00000214d5530b50 Exception <a 'java/net/ConnectException'{0x000000074a157ef0}: Connection refused: connect> (0x000000074a157ef0) 
thrown [t:\workspace\open\src\hotspot\share\prims\jni.cpp, line 535]
Event: 28096.628 Thread 0x00000214d5530b50 Exception <a 'java/net/SocketException'{0x000000074a1584d0}: Socket is not connected: shutdown> (0x000000074a1584d0) 
thrown [t:\workspace\open\src\hotspot\share\prims\jni.cpp, line 535]
Event: 28126.024 Thread 0x00000214d55301b0 Exception <a 'java/net/ConnectException'{0x0000000749e39180}: Connection refused: connect> (0x0000000749e39180) 
thrown [t:\workspace\open\src\hotspot\share\prims\jni.cpp, line 535]
Event: 28126.024 Thread 0x00000214d55301b0 Exception <a 'java/net/SocketException'{0x0000000749e39760}: Socket is not connected: shutdown> (0x0000000749e39760) 
thrown [t:\workspace\open\src\hotspot\share\prims\jni.cpp, line 535]
Event: 28126.025 Thread 0x00000214d55301b0 Exception <a 'java/net/ConnectException'{0x0000000749e3a250}: Connection refused: connect> (0x0000000749e3a250) 
thrown [t:\workspace\open\src\hotspot\share\prims\jni.cpp, line 535]
Event: 28126.025 Thread 0x00000214d55301b0 Exception <a 'java/net/SocketException'{0x0000000749e3a830}: Socket is not connected: shutdown> (0x0000000749e3a830) 
thrown [t:\workspace\open\src\hotspot\share\prims\jni.cpp, line 535]
Event: 28126.581 Thread 0x00000214d552ccc0 Exception <a 'java/net/ConnectException'{0x0000000749f2b010}: Connection refused: connect> (0x0000000749f2b010) 
thrown [t:\workspace\open\src\hotspot\share\prims\jni.cpp, line 535]
Event: 28126.581 Thread 0x00000214d552ccc0 Exception <a 'java/net/SocketException'{0x0000000749f2b5f0}: Socket is not connected: shutdown> (0x0000000749f2b5f0) 
thrown [t:\workspace\open\src\hotspot\share\prims\jni.cpp, line 535]
Event: 28126.581 Thread 0x00000214d552ccc0 Exception <a 'java/net/ConnectException'{0x0000000749f2c0e0}: Connection refused: connect> (0x0000000749f2c0e0) 
thrown [t:\workspace\open\src\hotspot\share\prims\jni.cpp, line 535]
Event: 28126.581 Thread 0x00000214d552ccc0 Exception <a 'java/net/SocketException'{0x0000000749f2c6c0}: Socket is not connected: shutdown> (0x0000000749f2c6c0) 
thrown [t:\workspace\open\src\hotspot\share\prims\jni.cpp, line 535]
Event: 28126.650 Thread 0x00000214d5530b50 Exception <a 'java/net/ConnectException'{0x0000000749c12638}: Connection refused: connect> (0x0000000749c12638) 
thrown [t:\workspace\open\src\hotspot\share\prims\jni.cpp, line 535]
Event: 28126.650 Thread 0x00000214d5530b50 Exception <a 'java/net/SocketException'{0x0000000749c12c18}: Socket is not connected: shutdown> (0x0000000749c12c18) 
thrown [t:\workspace\open\src\hotspot\share\prims\jni.cpp, line 535]
Event: 28126.651 Thread 0x00000214d5530b50 Exception <a 'java/net/ConnectException'{0x0000000749c13708}: Connection refused: connect> (0x0000000749c13708) 
thrown [t:\workspace\open\src\hotspot\share\prims\jni.cpp, line 535]
Event: 28126.651 Thread 0x00000214d5530b50 Exception <a 'java/net/SocketException'{0x0000000749c13ce8}: Socket is not connected: shutdown> (0x0000000749c13ce8) 
thrown [t:\workspace\open\src\hotspot\share\prims\jni.cpp, line 535]

VM Operations (20 events):
Event: 27165.466 Executing VM operation: ICBufferFull
Event: 27165.466 Executing VM operation: ICBufferFull done
Event: 27165.467 Executing VM operation: ICBufferFull
Event: 27165.467 Executing VM operation: ICBufferFull done
Event: 27166.477 Executing VM operation: Cleanup
Event: 27166.477 Executing VM operation: Cleanup done
Event: 27706.101 Executing VM operation: Cleanup
Event: 27706.102 Executing VM operation: Cleanup done
Event: 27856.469 Executing VM operation: G1CollectForAllocation
Event: 27856.472 Executing VM operation: G1CollectForAllocation done
Event: 27856.474 Executing VM operation: ICBufferFull
Event: 27856.474 Executing VM operation: ICBufferFull done
Event: 27856.474 Executing VM operation: ICBufferFull
Event: 27856.474 Executing VM operation: ICBufferFull done
Event: 27856.475 Executing VM operation: ICBufferFull
Event: 27856.475 Executing VM operation: ICBufferFull done
Event: 27856.476 Executing VM operation: ICBufferFull
Event: 27856.476 Executing VM operation: ICBufferFull done
Event: 27857.480 Executing VM operation: Cleanup
Event: 27857.480 Executing VM operation: Cleanup done

Events (20 events):
Event: 28126.578 loading class com/fasterxml/jackson/datatype/joda/JodaModule
Event: 28126.578 loading class com/fasterxml/jackson/datatype/joda/JodaModule done
Event: 28126.578 loading class com/fasterxml/jackson/datatype/joda$JodaModule
Event: 28126.578 loading class com/fasterxml/jackson/datatype/joda$JodaModule done
Event: 28126.578 loading class com/fasterxml/jackson/datatype/joda/JodaModule
Event: 28126.578 loading class com/fasterxml/jackson/datatype/joda/JodaModule done
Event: 28126.578 loading class com/fasterxml/jackson/datatype/joda$JodaModule
Event: 28126.578 loading class com/fasterxml/jackson/datatype/joda$JodaModule done
Event: 28126.642 loading class com/fasterxml/jackson/datatype/joda/JodaModule
Event: 28126.642 loading class com/fasterxml/jackson/datatype/joda/JodaModule done
Event: 28126.642 loading class com/fasterxml/jackson/datatype/joda$JodaModule
Event: 28126.642 loading class com/fasterxml/jackson/datatype/joda$JodaModule done
Event: 28126.643 loading class com/fasterxml/jackson/datatype/joda/JodaModule
Event: 28126.643 loading class com/fasterxml/jackson/datatype/joda/JodaModule done
Event: 28126.643 loading class com/fasterxml/jackson/datatype/joda$JodaModule
Event: 28126.643 loading class com/fasterxml/jackson/datatype/joda$JodaModule done
Event: 28126.643 loading class com/fasterxml/jackson/datatype/joda/JodaModule
Event: 28126.643 loading class com/fasterxml/jackson/datatype/joda/JodaModule done
Event: 28126.644 loading class com/fasterxml/jackson/datatype/joda$JodaModule
Event: 28126.644 loading class com/fasterxml/jackson/datatype/joda$JodaModule done


Dynamic libraries:
0x00007ff67f820000 - 0x00007ff67f82e000 	C:\Users\supri\Downloads\Applications\jdk-17.0.2\bin\java.exe
0x00007ffb62060000 - 0x00007ffb62269000 	C:\Windows\SYSTEM32\ntdll.dll
0x00007ffb60d60000 - 0x00007ffb60e1d000 	C:\Windows\System32\KERNEL32.DLL
0x00007ffb5fb70000 - 0x00007ffb5feec000 	C:\Windows\System32\KERNELBASE.dll
0x00007ffb5f930000 - 0x00007ffb5fa41000 	C:\Windows\System32\ucrtbase.dll
0x00007ffb5d210000 - 0x00007ffb5d228000 	C:\Users\supri\Downloads\Applications\jdk-17.0.2\bin\jli.dll
0x00007ffb619b0000 - 0x00007ffb61b5d000 	C:\Windows\System32\USER32.dll
0x00007ffb5f540000 - 0x00007ffb5f566000 	C:\Windows\System32\win32u.dll
0x00007ffb60fc0000 - 0x00007ffb60fe9000 	C:\Windows\System32\GDI32.dll
0x00007ffb5fa50000 - 0x00007ffb5fb69000 	C:\Windows\System32\gdi32full.dll
0x00007ffb5f890000 - 0x00007ffb5f92d000 	C:\Windows\System32\msvcp_win.dll
0x00007ffb54100000 - 0x00007ffb5411a000 	C:\Users\supri\Downloads\Applications\jdk-17.0.2\bin\VCRUNTIME140.dll
0x00007ffb3e6c0000 - 0x00007ffb3e965000 	C:\Windows\WinSxS\amd64_microsoft.windows.common-controls_6595b64144ccf1df_6.0.22000.120_none_9d947278b86cc467\COMCTL32.dll
0x00007ffb60840000 - 0x00007ffb608e3000 	C:\Windows\System32\msvcrt.dll
0x00007ffb60800000 - 0x00007ffb60831000 	C:\Windows\System32\IMM32.DLL
0x00007ffb5d190000 - 0x00007ffb5d19c000 	C:\Users\supri\Downloads\Applications\jdk-17.0.2\bin\vcruntime140_1.dll
0x00007ffb48e10000 - 0x00007ffb48e9d000 	C:\Users\supri\Downloads\Applications\jdk-17.0.2\bin\msvcp140.dll
0x00007ffae3410000 - 0x00007ffae3fd1000 	C:\Users\supri\Downloads\Applications\jdk-17.0.2\bin\server\jvm.dll
0x00007ffb5ff80000 - 0x00007ffb6002e000 	C:\Windows\System32\ADVAPI32.dll
0x00007ffb61f80000 - 0x00007ffb6201e000 	C:\Windows\System32\sechost.dll
0x00007ffb60ea0000 - 0x00007ffb60fc0000 	C:\Windows\System32\RPCRT4.dll
0x00007ffb61c70000 - 0x00007ffb61c78000 	C:\Windows\System32\PSAPI.DLL
0x00007ffb5d230000 - 0x00007ffb5d23a000 	C:\Windows\SYSTEM32\VERSION.dll
0x00007ffb5c800000 - 0x00007ffb5c833000 	C:\Windows\SYSTEM32\WINMM.dll
0x00007ffb199b0000 - 0x00007ffb199b9000 	C:\Windows\SYSTEM32\WSOCK32.dll
0x00007ffb60590000 - 0x00007ffb605ff000 	C:\Windows\System32\WS2_32.dll
0x00007ffb5e700000 - 0x00007ffb5e718000 	C:\Windows\SYSTEM32\kernel.appcore.dll
0x00007ffb55110000 - 0x00007ffb5511a000 	C:\Users\supri\Downloads\Applications\jdk-17.0.2\bin\jimage.dll
0x00007ffb5cd00000 - 0x00007ffb5cf21000 	C:\Windows\SYSTEM32\DBGHELP.DLL
0x00007ffb5c790000 - 0x00007ffb5c7c1000 	C:\Windows\SYSTEM32\dbgcore.DLL
0x00007ffb5f570000 - 0x00007ffb5f5ef000 	C:\Windows\System32\bcryptPrimitives.dll
0x00007ffb4a210000 - 0x00007ffb4a24b000 	C:\Users\supri\Downloads\Applications\jdk-17.0.2\bin\jdwp.dll
0x00007ffb53fe0000 - 0x00007ffb53fee000 	C:\Users\supri\Downloads\Applications\jdk-17.0.2\bin\instrument.dll
0x00007ffb4a720000 - 0x00007ffb4a745000 	C:\Users\supri\Downloads\Applications\jdk-17.0.2\bin\java.dll
0x00007ffb4a4d0000 - 0x00007ffb4a4e8000 	C:\Users\supri\Downloads\Applications\jdk-17.0.2\bin\zip.dll
0x00007ffb48d30000 - 0x00007ffb48e06000 	C:\Users\supri\Downloads\Applications\jdk-17.0.2\bin\jsvml.dll
0x00007ffb60ff0000 - 0x00007ffb617a8000 	C:\Windows\System32\SHELL32.dll
0x00007ffb5d670000 - 0x00007ffb5ded8000 	C:\Windows\SYSTEM32\windows.storage.dll
0x00007ffb609e0000 - 0x00007ffb60d59000 	C:\Windows\System32\combase.dll
0x00007ffb5d500000 - 0x00007ffb5d666000 	C:\Windows\SYSTEM32\wintypes.dll
0x00007ffb61c80000 - 0x00007ffb61d6a000 	C:\Windows\System32\SHCORE.dll
0x00007ffb607a0000 - 0x00007ffb607fd000 	C:\Windows\System32\shlwapi.dll
0x00007ffb5f470000 - 0x00007ffb5f491000 	C:\Windows\SYSTEM32\profapi.dll
0x00007ffb4a600000 - 0x00007ffb4a60c000 	C:\Users\supri\Downloads\Applications\jdk-17.0.2\bin\dt_socket.dll
0x00007ffb5e220000 - 0x00007ffb5e24d000 	C:\Windows\SYSTEM32\IPHLPAPI.DLL
0x00007ffb5eb50000 - 0x00007ffb5ebb7000 	C:\Windows\system32\mswsock.dll
0x00007ffb4a640000 - 0x00007ffb4a659000 	C:\Users\supri\Downloads\Applications\jdk-17.0.2\bin\net.dll
0x00007ffb57070000 - 0x00007ffb5717c000 	C:\Windows\SYSTEM32\WINHTTP.dll
0x00007ffb4a4f0000 - 0x00007ffb4a506000 	C:\Users\supri\Downloads\Applications\jdk-17.0.2\bin\nio.dll
0x00007ffb5e250000 - 0x00007ffb5e338000 	C:\Windows\SYSTEM32\DNSAPI.dll
0x00007ffb617c0000 - 0x00007ffb617c9000 	C:\Windows\System32\NSI.dll
0x00007ffb52260000 - 0x00007ffb5226a000 	C:\Windows\System32\rasadhlp.dll
0x00007ffb4e570000 - 0x00007ffb4e5f1000 	C:\Windows\System32\fwpuclnt.dll
0x00007ffb4a5e0000 - 0x00007ffb4a5e9000 	C:\Users\supri\Downloads\Applications\jdk-17.0.2\bin\management.dll
0x00007ffb4a470000 - 0x00007ffb4a47b000 	C:\Users\supri\Downloads\Applications\jdk-17.0.2\bin\management_ext.dll
0x00007ffb5ed90000 - 0x00007ffb5eda8000 	C:\Windows\SYSTEM32\CRYPTSP.dll
0x00007ffb5e660000 - 0x00007ffb5e695000 	C:\Windows\system32\rsaenh.dll
0x00007ffb5ec40000 - 0x00007ffb5ec69000 	C:\Windows\SYSTEM32\USERENV.dll
0x00007ffb5ef20000 - 0x00007ffb5ef47000 	C:\Windows\SYSTEM32\bcrypt.dll
0x00007ffb5edb0000 - 0x00007ffb5edbc000 	C:\Windows\SYSTEM32\CRYPTBASE.dll
0x00007ffb54220000 - 0x00007ffb54239000 	C:\Windows\SYSTEM32\dhcpcsvc6.DLL
0x00007ffb56010000 - 0x00007ffb5602e000 	C:\Windows\SYSTEM32\dhcpcsvc.DLL
0x00007ffb36e60000 - 0x00007ffb36e77000 	C:\Windows\system32\napinsp.dll
0x00007ffb36d70000 - 0x00007ffb36d8b000 	C:\Windows\system32\pnrpnsp.dll
0x00007ffb36d30000 - 0x00007ffb36d42000 	C:\Windows\System32\winrnr.dll
0x00007ffb36900000 - 0x00007ffb36915000 	C:\Windows\system32\wshbth.dll
0x00007ffb368e0000 - 0x00007ffb368ff000 	C:\Windows\system32\nlansp_c.dll
0x00007ffb4a370000 - 0x00007ffb4a37e000 	C:\Users\supri\Downloads\Applications\jdk-17.0.2\bin\sunmscapi.dll
0x00007ffb5f660000 - 0x00007ffb5f7c2000 	C:\Windows\System32\CRYPT32.dll
0x00007ffb5eef0000 - 0x00007ffb5ef18000 	C:\Windows\SYSTEM32\ncrypt.dll
0x00007ffb5eeb0000 - 0x00007ffb5eee7000 	C:\Windows\SYSTEM32\NTASN1.dll
0x00007ffad4860000 - 0x00007ffad4868000 	C:\Windows\system32\wshunix.dll

dbghelp: loaded successfully - version: 4.0.5 - missing functions: none
symbol engine: initialized successfully - sym options: 0x614 - pdb path: .;C:\Users\supri\Downloads\Applications\jdk-17.0.2\bin;C:\Windows\SYSTEM32;C:\Windows\WinSxS\amd64_microsoft.windows.common-controls_6595b64144ccf1df_6.0.22000.120_none_9d947278b86cc467;C:\Users\supri\Downloads\Applications\jdk-17.0.2\bin\server

VM Arguments:
jvm_args: -agentlib:jdwp=transport=dt_socket,address=127.0.0.1:65400,suspend=y,server=n -XX:TieredStopAtLevel=1 -Xverify:none -Dspring.output.ansi.enabled=always -Dcom.sun.management.jmxremote -Dspring.jmx.enabled=true -Dspring.liveBeansView.mbeanDomain -Dspring.application.admin.enabled=true -javaagent:C:\Users\supri\workspace\EA\plugins\java\lib\rt\debugger-agent.jar -Dfile.encoding=UTF-8 
java_command: com.swa.productservice.ProductServiceApplication
java_class_path (initial): C:\Users\supri\Documents\workspace\SA\workspaceMini2\swa-microservices-2\product-service\target\classes;C:\Users\supri\.m2\repository\org\springframework\boot\spring-boot-starter-web\2.7.3\spring-boot-starter-web-2.7.3.jar;C:\Users\supri\.m2\repository\org\springframework\boot\spring-boot-starter\2.7.3\spring-boot-starter-2.7.3.jar;C:\Users\supri\.m2\repository\org\springframework\boot\spring-boot\2.7.3\spring-boot-2.7.3.jar;C:\Users\supri\.m2\repository\org\springframework\boot\spring-boot-autoconfigure\2.7.3\spring-boot-autoconfigure-2.7.3.jar;C:\Users\supri\.m2\repository\org\springframework\boot\spring-boot-starter-logging\2.7.3\spring-boot-starter-logging-2.7.3.jar;C:\Users\supri\.m2\repository\ch\qos\logback\logback-classic\1.2.11\logback-classic-1.2.11.jar;C:\Users\supri\.m2\repository\ch\qos\logback\logback-core\1.2.11\logback-core-1.2.11.jar;C:\Users\supri\.m2\repository\org\apache\logging\log4j\log4j-to-slf4j\2.17.2\log4j-to-slf4j-2.17.2.jar;C:\Users\supri\.m2\repository\org\apache\logging\log4j\log4j-api\2.17.2\log4j-api-2.17.2.jar;C:\Users\supri\.m2\repository\org\slf4j\jul-to-slf4j\1.7.36\jul-to-slf4j-1.7.36.jar;C:\Users\supri\.m2\repository\jakarta\annotation\jakarta.annotation-api\1.3.5\jakarta.annotation-api-1.3.5.jar;C:\Users\supri\.m2\repository\org\yaml\snakeyaml\1.30\snakeyaml-1.30.jar;C:\Users\supri\.m2\repository\org\springframework\boot\spring-boot-starter-json\2.7.3\spring-boot-starter-json-2.7.3.jar;C:\Users\supri\.m2\repository\com\fasterxml\jackson\core\jackson-databind\2.13.3\jackson-databind-2.13.3.jar;C:\Users\supri\.m2\repository\com\fasterxml\jackson\datatype\jackson-datatype-jdk8\2.13.3\jackson-datatype-jdk8-2.13.3.jar;C:\Users\supri\.m2\repository\com\fasterxml\jackson\datatype\jackson-datatype-jsr310\2.13.3\jackson-datatype-jsr310-2.13.3.jar;C:\Users\supri\.m2\repository\com\fasterxml\jackson\module\jackson-module-parameter-names\2.13.3\jackson-module-parameter-names-2.13.3.jar;C:\Users\supri\.m2\reposi
Launcher Type: SUN_STANDARD

[Global flags]
     intx CICompilerCount                          = 4                                         {product} {ergonomic}
     uint ConcGCThreads                            = 2                                         {product} {ergonomic}
     uint G1ConcRefinementThreads                  = 8                                         {product} {ergonomic}
   size_t G1HeapRegionSize                         = 2097152                                   {product} {ergonomic}
    uintx GCDrainStackTargetSize                   = 64                                        {product} {ergonomic}
   size_t InitialHeapSize                          = 197132288                                 {product} {ergonomic}
     bool ManagementServer                         = true                                      {product} {command line}
   size_t MarkStackSize                            = 4194304                                   {product} {ergonomic}
   size_t MaxHeapSize                              = 3154116608                                {product} {ergonomic}
   size_t MaxNewSize                               = 1891631104                                {product} {ergonomic}
   size_t MinHeapDeltaBytes                        = 2097152                                   {product} {ergonomic}
   size_t MinHeapSize                              = 8388608                                   {product} {ergonomic}
    uintx NonProfiledCodeHeapSize                  = 0                                      {pd product} {ergonomic}
     bool ProfileInterpreter                       = false                                  {pd product} {command line}
    uintx ProfiledCodeHeapSize                     = 0                                      {pd product} {ergonomic}
   size_t SoftMaxHeapSize                          = 3154116608                             {manageable} {ergonomic}
     intx TieredStopAtLevel                        = 1                                         {product} {command line}
     bool UseCompressedClassPointers               = true                           {product lp64_product} {ergonomic}
     bool UseCompressedOops                        = true                           {product lp64_product} {ergonomic}
     bool UseG1GC                                  = true                                      {product} {ergonomic}
     bool UseLargePagesIndividualAllocation        = false                                  {pd product} {ergonomic}

Logging:
Log output configuration:
 #0: stdout all=warning uptime,level,tags
 #1: stderr all=off uptime,level,tags

Environment Variables:
JAVA_HOME=C:\Users\supri\Downloads\Applications\jdk-17.0.2
PATH=C:\Windows\system32;C:\Windows;C:\Windows\System32\Wbem;C:\Windows\System32\WindowsPowerShell\v1.0\;C:\Windows\System32\OpenSSH\;C:\Program Files\dotnet\;C:\Users\supri\Downloads\Applications\jdk-17.0.2\bin;C:\Program Files\MySQL\MySQL Server 8.0\bin;C:\Users\supri\Downloads\Applications\jdk-17.0.2\bin;C:\Program Files\Docker\Docker\resources\bin;C:\ProgramData\DockerDesktop\version-bin;C:\Program Files\Git\cmd;C:\ProgramData\chocolatey\bin;C:\Program Files\nodejs\;C:\Users\supri\AppData\Local\Programs\Python\Python310\Scripts\;C:\Users\supri\AppData\Local\Programs\Python\Python310\;C:\Program Files\MySQL\MySQL Shell 8.0\bin\;C:\Users\supri\AppData\Local\Microsoft\WindowsApps;C:\Users\supri\AppData\Local\Programs\Microsoft VS Code\bin;C:\Users\supri\Downloads\Applications\jdk-17.0.2\bin;C:\Users\supri\AppData\Roaming\npm
USERNAME=supri
OS=Windows_NT
PROCESSOR_IDENTIFIER=Intel64 Family 6 Model 140 Stepping 2, GenuineIntel



---------------  S Y S T E M  ---------------

OS:
 Windows 11 , 64 bit Build 22000 (10.0.22000.708)
OS uptime: 1 days 17:50 hours
Hyper-V role detected

CPU: total 8 (initial active 8) (4 cores per cpu, 2 threads per core) family 6 model 140 stepping 2 microcode 0x26, cx8, cmov, fxsr, ht, mmx, 3dnowpref, sse, sse2, sse3, ssse3, sse4.1, sse4.2, popcnt, lzcnt, tsc, tscinvbit, avx, avx2, aes, erms, clmul, bmi1, bmi2, adx, avx512f, avx512dq, avx512cd, avx512bw, avx512vl, sha, fma, vzeroupper, avx512_vpopcntdq, avx512_vpclmulqdq, avx512_vaes, avx512_vnni, clflush, clflushopt, clwb, avx512_vbmi2, avx512_vbmi, hv

Memory: 4k page, system-wide physical 12026M (1705M free)
TotalPageFile size 26372M (AvailPageFile size 6353M)
current process WorkingSet (physical memory assigned to process): 116M, peak: 274M
current process commit charge ("private bytes"): 319M, peak: 319M

vm_info: OpenJDK 64-Bit Server VM (17.0.2+8-86) for windows-amd64 JRE (17.0.2+8-86), built on Dec  7 2021 21:49:10 by "mach5one" with MS VC++ 16.8 / 16.9 (VS2019)

END.
